C51 COMPILER V9.57.0.0   ADC0832                                                           07/27/2024 15:35:29 PAGE 1   


C51 COMPILER V9.57.0.0, COMPILATION OF MODULE ADC0832
OBJECT MODULE PLACED IN .\Objects\ADC0832.obj
COMPILER INVOKED BY: C:\Keil5\installMDK\C51\BIN\C51.EXE ADC0832.C OPTIMIZE(8,SPEED) BROWSE DEBUG OBJECTEXTEND PRINT(.\L
                    -istings\ADC0832.lst) TABS(2) OBJECT(.\Objects\ADC0832.obj)

line level    source

   1            
   2            //******************WTU SEEE WWB 20240606****************************//
   3            
   4            #include<reg52.h>
   5            #include<intrins.h>
   6            #define uint unsigned int 
   7            #define uchar unsigned char
   8              
   9              //******************adc0832 define****************************//
  10              sbit CS=P2^3; //使能。
  11              sbit CLK=P2^2;//时钟
  12                sbit DIDO=P2^0;
  13              //char CC[]="11001001"; 
  14              //uchar tab[]={0xc0,0xf9,0xa4,0xb0,0x99,0x92,0x82,0xf8,0x80,0x90,0x88,0x83,0xc6,0xa1,0x86,0x8e};
  15              unsigned char code tab[] = {0xc0, 0xf9, 0xa4, 0xb0, 0x99, 0x92, 0x82, 0xf8, 0x80, 0x90};
  16            
  17            //uchar tab1[]={0x40,0x79,0x24,0x30,0x19,0x12,0x02,0x78,0x00,0x10,0x08,0x03,0x46,0x21,0x06,0x0e};
  18            uchar code tab1[]={0x40,0x79,0x24,0x30,0x19,0x12,0x02,0x78,0x00,0x10};
  19            
  20          
  21            uint temp;
  22            uint vvv,i,m;
  23              
  24              //**********************delay ms*******************************//
  25          void delay(int tt)//1ms
  26              {
  27   1          while(tt--)
  28   1            {for(i=0;i<120;i++);}
  29   1          }
  30          
  31              //**********************AD Sampling channel choice*******************************//
  32          uchar choiceADC(uint CH)//CH为0选择通道ch0，为1，选择ch1进行AD转换
  33            {
  34   1          uchar dat;
  35   1          CS=1;
  36   1          _nop_();
  37   1          CLK=1;
  38   1          CS=0;      
  39   1          DIDO = 1;CLK = 0;_nop_();CLK = 1;_nop_();  //first clk
  40   1          DIDO = 1;CLK = 0;_nop_();CLK = 1;_nop_(); //second clk
  41   1          DIDO = CH;CLK = 0;_nop_();CLK = 1;_nop_(); //channel
  42   1          DIDO = 1;                       
  43   1        for(i = 0;i < 8;i++)
  44   1        {
  45   2          CLK = 0;_nop_();
  46   2          if(DIDO)dat |= 0x01;
  47   2          CLK = 1;_nop_();
  48   2          dat = dat <<= 1;
  49   2        }
  50   1         return(dat);
  51   1         CS = 1;       
  52   1               
  53   1        }
  54          
C51 COMPILER V9.57.0.0   ADC0832                                                           07/27/2024 15:35:29 PAGE 2   

  55               //**********************ShuMaGuan show*******************************//
  56            void display(uint dat)
  57              {
  58   1        
  59   1          //dat=400;
  60   1        //  dat=dat*100;
  61   1            dat=(dat*1000.0*5)/255.0;
  62   1        
  63   1          P3=0xfe;
  64   1          P0=tab1[dat/1000];
  65   1        //  P0=tab1[4];
  66   1          delay(1);
  67   1          P0=0xff;
  68   1            
  69   1          P3=0xfd;
  70   1          P0=tab[dat%1000/100];
  71   1        //  P0=tab1[4];
  72   1          delay(1);
  73   1          P0=0xff;
  74   1            
  75   1          P3=0xfb;
  76   1          P0=tab[dat%100/10];
  77   1          delay(1);
  78   1          P0=0xff;
  79   1            
  80   1          P3=0xf7;
  81   1          P0=tab[dat%10];
  82   1          delay(1);
  83   1          P0=0xff;
  84   1            
  85   1          }
  86          
  87             //**********************Main function*******************************//
  88              
  89              void main()
  90              {
  91   1             P3=0xFF;
  92   1             P0=0xFF;
  93   1             while(1)
  94   1               {
  95   2              
  96   2               vvv=choiceADC(0);
  97   2                //vvv=0x0f;
  98   2               // delay(150);
  99   2                for (m=0;m<=20;m++)
 100   2                 {
 101   3                   display(vvv);
 102   3                   delay(5); 
 103   3                 }
 104   2              //  delay(200); 
 105   2      
 106   2                vvv=choiceADC(1);
 107   2                // vvv=0xff;
 108   2               // delay(150);
 109   2                //display(vvv);
 110   2                  for (m=0;m<=20;m++)
 111   2                 {
 112   3                   display(vvv);
 113   3                   delay(5); 
 114   3                 }
 115   2                //delay(200); 
 116   2      
C51 COMPILER V9.57.0.0   ADC0832                                                           07/27/2024 15:35:29 PAGE 3   

 117   2               }
 118   1          }
 119              
 120          //******************WTU SEEE 20240606  END ****************************//
*** WARNING C294 IN LINE 51 OF ADC0832.C: unreachable code


MODULE INFORMATION:   STATIC OVERLAYABLE
   CODE SIZE        =    393    ----
   CONSTANT SIZE    =     20    ----
   XDATA SIZE       =   ----    ----
   PDATA SIZE       =   ----    ----
   DATA SIZE        =      8    ----
   IDATA SIZE       =   ----    ----
   BIT SIZE         =   ----    ----
END OF MODULE INFORMATION.


C51 COMPILATION COMPLETE.  1 WARNING(S),  0 ERROR(S)
